<?xml version="1.0" encoding="UTF-8"?>
<!-- Generated by org.testng.reporters.JUnitXMLReporter -->
<testsuite ignored="0" hostname="DESKTOP-5BL4P1H" failures="1" tests="2" name="Surefire test" time="36.256" errors="0" timestamp="2025-04-09T19:49:41 IST">
  <testcase classname="org.appiumDemo.Android.MultipleTests" name="fillform_errorValidation" time="11.181">
    <failure type="java.lang.AssertionError" message="expected [true] but found [false]">
      <![CDATA[java.lang.AssertionError: expected [true] but found [false]
at org.appiumDemo.Android.MultipleTests.fillform_errorValidation(MultipleTests.java:21)
at java.base/java.util.ArrayList.forEach(ArrayList.java:1596)
... Removed 34 stack frames]]>
    </failure>
  </testcase> <!-- fillform_errorValidation -->
  <testcase classname="org.appiumDemo.Android.MultipleTests" name="fillform_positivecase" time="14.881"/>
</testsuite> <!-- Surefire test -->
