<?xml version="1.0" encoding="UTF-8"?>
<!-- Generated by org.testng.reporters.JUnitXMLReporter -->
<testsuite ignored="1" hostname="DESKTOP-5BL4P1H" failures="0" tests="1" name="Error validation Test" time="45.132" errors="0" timestamp="2025-04-09T17:03:03 IST">
  <testcase classname="org.appiumDemo.Android.MultipleTests" name="fillform_positivecase" time="28.006"/>
  <testcase classname="org.appiumDemo.Android.MultipleTests" name="fillform_errorValidation" time="0.0">
    <ignored/>
  </testcase> <!-- fillform_errorValidation -->
</testsuite> <!-- Error validation Test -->
