<?xml version="1.0" encoding="UTF-8"?>
<testng-results ignored="0" total="1" passed="1" failed="0" skipped="0">
  <reporter-output>
  </reporter-output>
  <suite started-at="2025-04-09T14:48:02 IST" name="Suite" finished-at="2025-04-09T14:49:02 IST" duration-ms="59642">
    <groups>
      <group name="smoke">
        <method signature="MultipleTests.fillform_positivecase()[pri:2, instance:org.appiumDemo.Android.MultipleTests@5f7b97da]" name="fillform_positivecase" class="org.appiumDemo.Android.MultipleTests"/>
      </group> <!-- smoke -->
    </groups>
    <test started-at="2025-04-09T14:48:02 IST" name="End to end framework Test" finished-at="2025-04-09T14:48:02 IST" duration-ms="32">
    </test> <!-- End to end framework Test -->
    <test started-at="2025-04-09T14:48:03 IST" name="Error validation Test" finished-at="2025-04-09T14:49:02 IST" duration-ms="58805">
      <class name="org.appiumDemo.Android.MultipleTests">
        <test-method is-config="true" signature="appiumConfigure()[pri:0, instance:org.appiumDemo.Android.MultipleTests@5f7b97da]" started-at="2025-04-09T14:48:03 IST" name="appiumConfigure" finished-at="2025-04-09T14:48:34 IST" duration-ms="30912" status="PASS">
          <reporter-output>
          </reporter-output>
        </test-method> <!-- appiumConfigure -->
        <test-method signature="fillform_positivecase()[pri:2, instance:org.appiumDemo.Android.MultipleTests@5f7b97da]" started-at="2025-04-09T14:48:34 IST" name="fillform_positivecase" finished-at="2025-04-09T14:49:01 IST" duration-ms="26863" status="PASS">
          <reporter-output>
          </reporter-output>
        </test-method> <!-- fillform_positivecase -->
        <test-method is-config="true" signature="teardown()[pri:0, instance:org.appiumDemo.Android.MultipleTests@5f7b97da]" started-at="2025-04-09T14:49:01 IST" name="teardown" finished-at="2025-04-09T14:49:02 IST" duration-ms="950" status="PASS">
          <reporter-output>
          </reporter-output>
        </test-method> <!-- teardown -->
      </class> <!-- org.appiumDemo.Android.MultipleTests -->
    </test> <!-- Error validation Test -->
  </suite> <!-- Suite -->
</testng-results>
